[couchdb:info,2024-10-01T14:44:53.146Z,couchdb_ns_1@cb.local:couch_audit<0.394.0>:couch_log:info:30]Couch audit settings changed <ud>[{audit_enabled,false},
                                  {disabled_users,[]},
                                  {enabled_events,[]}]</ud>
[couchdb:info,2024-10-01T14:44:54.371Z,couchdb_ns_1@cb.local:couch_audit<0.394.0>:couch_log:info:30]Unable to connect to memcahced: {error,{badmatch,{error,econnrefused}}}.
[couchdb:error,2024-10-01T14:44:54.371Z,couchdb_ns_1@cb.local:couch_audit<0.394.0>:couch_log:error:33]Error in sending log messsage to memcached Reason: no_socket
[couchdb:info,2024-10-01T14:44:56.376Z,couchdb_ns_1@cb.local:couch_audit<0.394.0>:couch_log:info:30]Unable to connect to memcahced: {error,{badmatch,{error,econnrefused}}}.
[couchdb:error,2024-10-01T14:44:56.376Z,couchdb_ns_1@cb.local:couch_audit<0.394.0>:couch_log:error:33]Error in sending log messsage to memcached Reason: no_socket
[couchdb:info,2024-10-01T14:44:58.389Z,couchdb_ns_1@cb.local:couch_audit<0.394.0>:couch_log:info:30]Unable to connect to memcahced: {error,{badmatch,{error,econnrefused}}}.
[couchdb:error,2024-10-01T14:44:58.389Z,couchdb_ns_1@cb.local:couch_audit<0.394.0>:couch_log:error:33]Error in sending log messsage to memcached Reason: no_socket
[couchdb:info,2024-10-01T14:45:00.435Z,couchdb_ns_1@cb.local:couch_audit<0.394.0>:couch_log:info:30]Unable to connect to memcahced: {error,{badmatch,{error,econnrefused}}}.
[couchdb:error,2024-10-01T14:45:00.435Z,couchdb_ns_1@cb.local:couch_audit<0.394.0>:couch_log:error:33]Error in sending log messsage to memcached Reason: no_socket
[couchdb:info,2024-10-01T14:45:02.470Z,couchdb_ns_1@cb.local:couch_audit<0.394.0>:couch_log:info:30]Unable to connect to memcahced: {error,{badmatch,{error,econnrefused}}}.
[couchdb:error,2024-10-01T14:45:02.471Z,couchdb_ns_1@cb.local:couch_audit<0.394.0>:couch_log:error:33]Error in sending log messsage to memcached Reason: no_socket
[couchdb:info,2024-10-01T14:45:04.496Z,couchdb_ns_1@cb.local:couch_audit<0.394.0>:couch_log:info:30]Unable to connect to memcahced: {error,{badmatch,{error,econnrefused}}}.
[couchdb:error,2024-10-01T14:45:04.497Z,couchdb_ns_1@cb.local:couch_audit<0.394.0>:couch_log:error:33]Error in sending log messsage to memcached Reason: no_socket
[couchdb:info,2024-10-01T14:45:06.503Z,couchdb_ns_1@cb.local:couch_audit<0.394.0>:couch_log:info:30]Unable to connect to memcahced: {error,{badmatch,{error,econnrefused}}}.
[couchdb:error,2024-10-01T14:45:06.503Z,couchdb_ns_1@cb.local:couch_audit<0.394.0>:couch_log:error:33]Error in sending log messsage to memcached Reason: no_socket
[couchdb:info,2024-10-01T14:45:08.639Z,couchdb_ns_1@cb.local:couch_audit<0.394.0>:couch_log:info:30]Unable to connect to memcahced: {error,{badmatch,{error,econnrefused}}}.
[couchdb:error,2024-10-01T14:45:08.639Z,couchdb_ns_1@cb.local:couch_audit<0.394.0>:couch_log:error:33]Error in sending log messsage to memcached Reason: no_socket
[couchdb:info,2024-10-01T14:45:50.351Z,couchdb_ns_1@cb.local:couch_query_logger<0.335.0>:couch_log:info:30]Query-Volume
---
[couchdb:info,2024-10-01T14:46:50.349Z,couchdb_ns_1@cb.local:couch_query_logger<0.335.0>:couch_log:info:30]Query-Volume
---
[couchdb:info,2024-10-01T14:47:50.353Z,couchdb_ns_1@cb.local:couch_query_logger<0.335.0>:couch_log:info:30]Query-Volume
---
[couchdb:info,2024-10-01T14:48:50.349Z,couchdb_ns_1@cb.local:couch_query_logger<0.335.0>:couch_log:info:30]Query-Volume
---
[couchdb:info,2024-10-01T14:49:50.353Z,couchdb_ns_1@cb.local:couch_query_logger<0.335.0>:couch_log:info:30]Query-Volume
---
[couchdb:info,2024-10-01T14:50:50.357Z,couchdb_ns_1@cb.local:couch_query_logger<0.335.0>:couch_log:info:30]Query-Volume
---
[couchdb:info,2024-10-01T14:51:50.370Z,couchdb_ns_1@cb.local:couch_query_logger<0.335.0>:couch_log:info:30]Query-Volume
---
[couchdb:info,2024-10-01T14:52:50.373Z,couchdb_ns_1@cb.local:couch_query_logger<0.335.0>:couch_log:info:30]Query-Volume
---
[couchdb:info,2024-10-01T14:53:50.374Z,couchdb_ns_1@cb.local:couch_query_logger<0.335.0>:couch_log:info:30]Query-Volume
---
[couchdb:info,2024-10-01T14:54:56.497Z,couchdb_ns_1@cb.local:couch_query_logger<0.335.0>:couch_log:info:30]Query-Volume
---
[couchdb:info,2024-10-01T14:55:57.522Z,couchdb_ns_1@cb.local:couch_query_logger<0.335.0>:couch_log:info:30]Query-Volume
---
[couchdb:info,2024-10-01T14:56:57.226Z,couchdb_ns_1@cb.local:couch_query_logger<0.335.0>:couch_log:info:30]Query-Volume
---
[couchdb:info,2024-10-01T14:58:09.623Z,couchdb_ns_1@cb.local:couch_query_logger<0.335.0>:couch_log:info:30]Query-Volume
---
[couchdb:info,2024-10-01T14:59:14.176Z,couchdb_ns_1@cb.local:couch_query_logger<0.335.0>:couch_log:info:30]Query-Volume
---
[couchdb:info,2024-10-01T14:59:22.828Z,couchdb_ns_1@cb.local:<0.8494.0>:couch_log:info:30]<ud>"172.20.0.1"</ud> -- GET <ud>"/"</ud> 200
[couchdb:info,2024-10-01T15:00:14.109Z,couchdb_ns_1@cb.local:couch_query_logger<0.335.0>:couch_log:info:30]Query-Volume
---
[couchdb:info,2024-10-01T15:01:14.127Z,couchdb_ns_1@cb.local:couch_query_logger<0.335.0>:couch_log:info:30]Query-Volume
---
[couchdb:info,2024-10-01T15:02:14.154Z,couchdb_ns_1@cb.local:couch_query_logger<0.335.0>:couch_log:info:30]Query-Volume
---
[couchdb:info,2024-10-01T15:03:14.191Z,couchdb_ns_1@cb.local:couch_query_logger<0.335.0>:couch_log:info:30]Query-Volume
---
[couchdb:info,2024-10-01T15:04:14.197Z,couchdb_ns_1@cb.local:couch_query_logger<0.335.0>:couch_log:info:30]Query-Volume
---
[couchdb:info,2024-10-01T15:05:14.239Z,couchdb_ns_1@cb.local:couch_query_logger<0.335.0>:couch_log:info:30]Query-Volume
---
[couchdb:info,2024-10-01T15:06:14.252Z,couchdb_ns_1@cb.local:couch_query_logger<0.335.0>:couch_log:info:30]Query-Volume
---
[couchdb:info,2024-10-01T15:07:14.256Z,couchdb_ns_1@cb.local:couch_query_logger<0.335.0>:couch_log:info:30]Query-Volume
---
[couchdb:info,2024-10-01T15:08:14.276Z,couchdb_ns_1@cb.local:couch_query_logger<0.335.0>:couch_log:info:30]Query-Volume
---
[couchdb:info,2024-10-01T15:09:14.427Z,couchdb_ns_1@cb.local:couch_query_logger<0.335.0>:couch_log:info:30]Query-Volume
---
[couchdb:info,2024-10-01T15:10:14.646Z,couchdb_ns_1@cb.local:couch_query_logger<0.335.0>:couch_log:info:30]Query-Volume
---
[couchdb:info,2024-10-01T15:11:14.648Z,couchdb_ns_1@cb.local:couch_query_logger<0.335.0>:couch_log:info:30]Query-Volume
---
[couchdb:info,2024-10-01T15:12:14.651Z,couchdb_ns_1@cb.local:couch_query_logger<0.335.0>:couch_log:info:30]Query-Volume
---
[couchdb:info,2024-10-01T15:13:14.653Z,couchdb_ns_1@cb.local:couch_query_logger<0.335.0>:couch_log:info:30]Query-Volume
---
[couchdb:info,2024-10-01T15:14:14.657Z,couchdb_ns_1@cb.local:couch_query_logger<0.335.0>:couch_log:info:30]Query-Volume
---
[couchdb:info,2024-10-01T15:15:14.654Z,couchdb_ns_1@cb.local:couch_query_logger<0.335.0>:couch_log:info:30]Query-Volume
---
[couchdb:info,2024-10-01T15:16:14.655Z,couchdb_ns_1@cb.local:couch_query_logger<0.335.0>:couch_log:info:30]Query-Volume
---
[couchdb:info,2024-10-01T15:17:14.656Z,couchdb_ns_1@cb.local:couch_query_logger<0.335.0>:couch_log:info:30]Query-Volume
---
[couchdb:info,2024-10-01T15:18:14.657Z,couchdb_ns_1@cb.local:couch_query_logger<0.335.0>:couch_log:info:30]Query-Volume
---
[couchdb:info,2024-10-01T15:19:14.658Z,couchdb_ns_1@cb.local:couch_query_logger<0.335.0>:couch_log:info:30]Query-Volume
---
[couchdb:info,2024-10-01T15:20:14.661Z,couchdb_ns_1@cb.local:couch_query_logger<0.335.0>:couch_log:info:30]Query-Volume
---
[couchdb:info,2024-10-01T15:21:14.662Z,couchdb_ns_1@cb.local:couch_query_logger<0.335.0>:couch_log:info:30]Query-Volume
---
[couchdb:info,2024-10-01T15:22:14.663Z,couchdb_ns_1@cb.local:couch_query_logger<0.335.0>:couch_log:info:30]Query-Volume
---
[couchdb:info,2024-10-01T15:23:14.664Z,couchdb_ns_1@cb.local:couch_query_logger<0.335.0>:couch_log:info:30]Query-Volume
---
[couchdb:info,2024-10-01T15:24:14.665Z,couchdb_ns_1@cb.local:couch_query_logger<0.335.0>:couch_log:info:30]Query-Volume
---
[couchdb:info,2024-10-01T15:25:14.666Z,couchdb_ns_1@cb.local:couch_query_logger<0.335.0>:couch_log:info:30]Query-Volume
---
[couchdb:info,2024-10-01T15:26:14.667Z,couchdb_ns_1@cb.local:couch_query_logger<0.335.0>:couch_log:info:30]Query-Volume
---
[couchdb:info,2024-10-01T15:27:14.668Z,couchdb_ns_1@cb.local:couch_query_logger<0.335.0>:couch_log:info:30]Query-Volume
---
[couchdb:info,2024-10-01T15:28:14.670Z,couchdb_ns_1@cb.local:couch_query_logger<0.335.0>:couch_log:info:30]Query-Volume
---
[couchdb:info,2024-10-01T15:29:14.671Z,couchdb_ns_1@cb.local:couch_query_logger<0.335.0>:couch_log:info:30]Query-Volume
---
[couchdb:info,2024-10-01T15:30:14.672Z,couchdb_ns_1@cb.local:couch_query_logger<0.335.0>:couch_log:info:30]Query-Volume
---
[couchdb:info,2024-10-01T15:31:14.674Z,couchdb_ns_1@cb.local:couch_query_logger<0.335.0>:couch_log:info:30]Query-Volume
---
[couchdb:info,2024-10-01T15:32:14.675Z,couchdb_ns_1@cb.local:couch_query_logger<0.335.0>:couch_log:info:30]Query-Volume
---
[couchdb:info,2024-10-01T15:33:14.676Z,couchdb_ns_1@cb.local:couch_query_logger<0.335.0>:couch_log:info:30]Query-Volume
---
[couchdb:info,2024-10-01T15:34:14.678Z,couchdb_ns_1@cb.local:couch_query_logger<0.335.0>:couch_log:info:30]Query-Volume
---
[couchdb:info,2024-10-01T15:35:14.680Z,couchdb_ns_1@cb.local:couch_query_logger<0.335.0>:couch_log:info:30]Query-Volume
---
[couchdb:info,2024-10-01T15:36:14.681Z,couchdb_ns_1@cb.local:couch_query_logger<0.335.0>:couch_log:info:30]Query-Volume
---
[couchdb:info,2024-10-01T15:37:14.679Z,couchdb_ns_1@cb.local:couch_query_logger<0.335.0>:couch_log:info:30]Query-Volume
---
[couchdb:info,2024-10-01T15:38:14.689Z,couchdb_ns_1@cb.local:couch_query_logger<0.335.0>:couch_log:info:30]Query-Volume
---
[couchdb:info,2024-10-01T15:39:14.685Z,couchdb_ns_1@cb.local:couch_query_logger<0.335.0>:couch_log:info:30]Query-Volume
---
[couchdb:info,2024-10-01T15:40:14.687Z,couchdb_ns_1@cb.local:couch_query_logger<0.335.0>:couch_log:info:30]Query-Volume
---
[couchdb:info,2024-10-01T15:41:14.688Z,couchdb_ns_1@cb.local:couch_query_logger<0.335.0>:couch_log:info:30]Query-Volume
---
[couchdb:info,2024-10-01T15:42:14.689Z,couchdb_ns_1@cb.local:couch_query_logger<0.335.0>:couch_log:info:30]Query-Volume
---
[couchdb:info,2024-10-01T15:43:14.690Z,couchdb_ns_1@cb.local:couch_query_logger<0.335.0>:couch_log:info:30]Query-Volume
---
[couchdb:info,2024-10-01T15:44:14.691Z,couchdb_ns_1@cb.local:couch_query_logger<0.335.0>:couch_log:info:30]Query-Volume
---
[couchdb:info,2024-10-01T15:45:14.696Z,couchdb_ns_1@cb.local:couch_query_logger<0.335.0>:couch_log:info:30]Query-Volume
---
[couchdb:info,2024-10-01T15:46:14.698Z,couchdb_ns_1@cb.local:couch_query_logger<0.335.0>:couch_log:info:30]Query-Volume
---
[couchdb:info,2024-10-01T15:47:14.699Z,couchdb_ns_1@cb.local:couch_query_logger<0.335.0>:couch_log:info:30]Query-Volume
---
[couchdb:info,2024-10-01T15:48:14.701Z,couchdb_ns_1@cb.local:couch_query_logger<0.335.0>:couch_log:info:30]Query-Volume
---
[couchdb:info,2024-10-01T15:49:14.702Z,couchdb_ns_1@cb.local:couch_query_logger<0.335.0>:couch_log:info:30]Query-Volume
---
[couchdb:info,2024-10-01T15:50:14.703Z,couchdb_ns_1@cb.local:couch_query_logger<0.335.0>:couch_log:info:30]Query-Volume
---
[couchdb:info,2024-10-01T15:51:14.704Z,couchdb_ns_1@cb.local:couch_query_logger<0.335.0>:couch_log:info:30]Query-Volume
---
[couchdb:info,2024-10-01T15:52:14.705Z,couchdb_ns_1@cb.local:couch_query_logger<0.335.0>:couch_log:info:30]Query-Volume
---
[couchdb:info,2024-10-01T15:53:14.706Z,couchdb_ns_1@cb.local:couch_query_logger<0.335.0>:couch_log:info:30]Query-Volume
---
[couchdb:info,2024-10-01T15:54:14.707Z,couchdb_ns_1@cb.local:couch_query_logger<0.335.0>:couch_log:info:30]Query-Volume
---
[couchdb:info,2024-10-01T15:55:14.705Z,couchdb_ns_1@cb.local:couch_query_logger<0.335.0>:couch_log:info:30]Query-Volume
---
[couchdb:info,2024-10-01T15:56:14.705Z,couchdb_ns_1@cb.local:couch_query_logger<0.335.0>:couch_log:info:30]Query-Volume
---
[couchdb:info,2024-10-01T15:57:14.706Z,couchdb_ns_1@cb.local:couch_query_logger<0.335.0>:couch_log:info:30]Query-Volume
---
[couchdb:info,2024-10-01T15:58:14.709Z,couchdb_ns_1@cb.local:couch_query_logger<0.335.0>:couch_log:info:30]Query-Volume
---
[couchdb:info,2024-10-01T15:59:14.713Z,couchdb_ns_1@cb.local:couch_query_logger<0.335.0>:couch_log:info:30]Query-Volume
---
[couchdb:info,2024-10-01T16:00:14.715Z,couchdb_ns_1@cb.local:couch_query_logger<0.335.0>:couch_log:info:30]Query-Volume
---
[couchdb:info,2024-10-01T16:01:14.716Z,couchdb_ns_1@cb.local:couch_query_logger<0.335.0>:couch_log:info:30]Query-Volume
---
[couchdb:info,2024-10-01T16:02:14.732Z,couchdb_ns_1@cb.local:couch_query_logger<0.335.0>:couch_log:info:30]Query-Volume
---
[couchdb:info,2024-10-01T16:03:14.733Z,couchdb_ns_1@cb.local:couch_query_logger<0.335.0>:couch_log:info:30]Query-Volume
---
[couchdb:info,2024-10-01T16:04:14.734Z,couchdb_ns_1@cb.local:couch_query_logger<0.335.0>:couch_log:info:30]Query-Volume
---
[couchdb:info,2024-10-01T16:05:14.735Z,couchdb_ns_1@cb.local:couch_query_logger<0.335.0>:couch_log:info:30]Query-Volume
---
[couchdb:info,2024-10-01T16:06:14.736Z,couchdb_ns_1@cb.local:couch_query_logger<0.335.0>:couch_log:info:30]Query-Volume
---
[couchdb:info,2024-10-01T16:07:14.738Z,couchdb_ns_1@cb.local:couch_query_logger<0.335.0>:couch_log:info:30]Query-Volume
---
[couchdb:info,2024-10-01T16:08:14.740Z,couchdb_ns_1@cb.local:couch_query_logger<0.335.0>:couch_log:info:30]Query-Volume
---
[couchdb:info,2024-10-01T16:09:14.741Z,couchdb_ns_1@cb.local:couch_query_logger<0.335.0>:couch_log:info:30]Query-Volume
---
[couchdb:info,2024-10-01T16:10:14.742Z,couchdb_ns_1@cb.local:couch_query_logger<0.335.0>:couch_log:info:30]Query-Volume
---
[couchdb:info,2024-10-01T16:11:14.744Z,couchdb_ns_1@cb.local:couch_query_logger<0.335.0>:couch_log:info:30]Query-Volume
---
[couchdb:info,2024-10-01T16:12:14.741Z,couchdb_ns_1@cb.local:couch_query_logger<0.335.0>:couch_log:info:30]Query-Volume
---
[couchdb:info,2024-10-01T16:13:14.743Z,couchdb_ns_1@cb.local:couch_query_logger<0.335.0>:couch_log:info:30]Query-Volume
---
[couchdb:info,2024-10-01T16:14:14.743Z,couchdb_ns_1@cb.local:couch_query_logger<0.335.0>:couch_log:info:30]Query-Volume
---
[couchdb:info,2024-10-01T16:15:14.748Z,couchdb_ns_1@cb.local:couch_query_logger<0.335.0>:couch_log:info:30]Query-Volume
---
[couchdb:info,2024-10-01T16:16:14.749Z,couchdb_ns_1@cb.local:couch_query_logger<0.335.0>:couch_log:info:30]Query-Volume
---
[couchdb:info,2024-10-01T16:17:14.750Z,couchdb_ns_1@cb.local:couch_query_logger<0.335.0>:couch_log:info:30]Query-Volume
---
[couchdb:info,2024-10-01T16:18:14.751Z,couchdb_ns_1@cb.local:couch_query_logger<0.335.0>:couch_log:info:30]Query-Volume
---
[couchdb:info,2024-10-01T16:19:14.752Z,couchdb_ns_1@cb.local:couch_query_logger<0.335.0>:couch_log:info:30]Query-Volume
---
[couchdb:info,2024-10-01T16:20:14.753Z,couchdb_ns_1@cb.local:couch_query_logger<0.335.0>:couch_log:info:30]Query-Volume
---
[couchdb:info,2024-10-01T16:21:14.756Z,couchdb_ns_1@cb.local:couch_query_logger<0.335.0>:couch_log:info:30]Query-Volume
---
[couchdb:info,2024-10-01T16:22:14.758Z,couchdb_ns_1@cb.local:couch_query_logger<0.335.0>:couch_log:info:30]Query-Volume
---
[couchdb:info,2024-10-01T16:23:14.760Z,couchdb_ns_1@cb.local:couch_query_logger<0.335.0>:couch_log:info:30]Query-Volume
---
[couchdb:info,2024-10-01T16:24:14.763Z,couchdb_ns_1@cb.local:couch_query_logger<0.335.0>:couch_log:info:30]Query-Volume
---
[couchdb:info,2024-10-01T16:25:14.767Z,couchdb_ns_1@cb.local:couch_query_logger<0.335.0>:couch_log:info:30]Query-Volume
---
[couchdb:info,2024-10-01T16:26:14.768Z,couchdb_ns_1@cb.local:couch_query_logger<0.335.0>:couch_log:info:30]Query-Volume
---
[couchdb:info,2024-10-01T16:27:14.771Z,couchdb_ns_1@cb.local:couch_query_logger<0.335.0>:couch_log:info:30]Query-Volume
---
[couchdb:info,2024-10-01T16:28:14.774Z,couchdb_ns_1@cb.local:couch_query_logger<0.335.0>:couch_log:info:30]Query-Volume
---
[couchdb:info,2024-10-01T16:29:14.773Z,couchdb_ns_1@cb.local:couch_query_logger<0.335.0>:couch_log:info:30]Query-Volume
---
[couchdb:info,2024-10-01T16:30:14.774Z,couchdb_ns_1@cb.local:couch_query_logger<0.335.0>:couch_log:info:30]Query-Volume
---
[couchdb:info,2024-10-01T16:31:14.776Z,couchdb_ns_1@cb.local:couch_query_logger<0.335.0>:couch_log:info:30]Query-Volume
---
[couchdb:info,2024-10-01T16:32:14.777Z,couchdb_ns_1@cb.local:couch_query_logger<0.335.0>:couch_log:info:30]Query-Volume
---
[couchdb:info,2024-10-01T16:33:14.779Z,couchdb_ns_1@cb.local:couch_query_logger<0.335.0>:couch_log:info:30]Query-Volume
---
