[ns_server:error,2024-10-01T14:44:59.987Z,ns_1@cb.local:<0.960.0>:prometheus:post_async:217]Prometheus http request failed:
URL: http://127.0.0.1:9123/api/v1/query
Body: query=%7Bname%3D~%60kv_curr_items%7Ckv_curr_items_tot%7Ckv_mem_used_bytes%7Ccouch_docs_actual_disk_size%7Ccouch_views_actual_disk_size%7Ckv_ep_db_data_size_bytes%7Ckv_ep_bg_fetched%60%7D+or+kv_vb_curr_items%7Bstate%3D%27replica%27%7D+or+kv_vb_num_non_resident%7Bstate%3D%27active%27%7D+or+label_replace%28sum+by+%28bucket%2C+name%29+%28irate%28kv_ops%7Bop%3D%60get%60%7D%5B1m%5D%29%29%2C+%60name%60%2C%60cmd_get%60%2C+%60%60%2C+%60%60%29+or+label_replace%28irate%28kv_ops%7Bop%3D%60get%60%2Cresult%3D%60hit%60%7D%5B1m%5D%29%2C%60name%60%2C%60get_hits%60%2C%60%60%2C%60%60%29+or+label_replace%28sum+by+%28bucket%29+%28irate%28kv_cmd_lookup%5B1m%5D%29+or+irate%28kv_ops%7Bop%3D~%60set%7Cincr%7Cdecr%7Cdelete%7Cdel_meta%7Cget_meta%7Cset_meta%7Cset_ret_meta%7Cdel_ret_meta%60%7D%5B1m%5D%29%29%2C+%60name%60%2C+%60ops%60%2C+%60%60%2C+%60%60%29+or+sum+by+%28bucket%2C+name%29+%28%7Bname%3D~%60index_data_size%7Cindex_disk_size%7Ccouch_spatial_data_size%7Ccouch_spatial_disk_size%7Ccouch_views_data_size%60%7D%29&timeout=5s
Reason: {failed_connect,[{to_address,{"127.0.0.1",9123}},
                         {inet,[inet],econnrefused}]}
[ns_server:error,2024-10-01T14:45:00.209Z,ns_1@cb.local:<0.1025.0>:prometheus:post_async:217]Prometheus http request failed:
URL: http://127.0.0.1:9123/api/v1/query
Body: query=%7Bcategory%3D%60system-processes%60%2Cname%3D~%60sysproc_mem_resident%7Csysproc_mem_size%7Csysproc_cpu_utilization%7Csysproc_major_faults_raw%60%7D&timeout=5s
Reason: {failed_connect,[{to_address,{"127.0.0.1",9123}},
                         {inet,[inet],econnrefused}]}
[ns_server:error,2024-10-01T14:45:00.225Z,ns_1@cb.local:<0.1033.0>:prometheus:post_async:217]Prometheus http request failed:
URL: http://127.0.0.1:9123/api/v1/query
Body: query=%7Bcategory%3D%60system%60%2Cname%3D~%60sys_cpu_utilization_rate%7Csys_cpu_stolen_rate%7Csys_swap_total%7Csys_swap_used%7Csys_mem_total%7Csys_mem_free%7Csys_mem_limit%7Csys_cpu_cores_available%7Csys_allocstall%60%7D&timeout=5s
Reason: {failed_connect,[{to_address,{"127.0.0.1",9123}},
                         {inet,[inet],econnrefused}]}
[ns_server:error,2024-10-01T14:45:01.261Z,ns_1@cb.local:<0.1093.0>:prometheus:post_async:217]Prometheus http request failed:
URL: http://127.0.0.1:9123/api/v1/query
Body: query=%7Bname%3D~%60kv_curr_items%7Ckv_curr_items_tot%7Ckv_mem_used_bytes%7Ccouch_docs_actual_disk_size%7Ccouch_views_actual_disk_size%7Ckv_ep_db_data_size_bytes%7Ckv_ep_bg_fetched%60%7D+or+kv_vb_curr_items%7Bstate%3D%27replica%27%7D+or+kv_vb_num_non_resident%7Bstate%3D%27active%27%7D+or+label_replace%28sum+by+%28bucket%2C+name%29+%28irate%28kv_ops%7Bop%3D%60get%60%7D%5B1m%5D%29%29%2C+%60name%60%2C%60cmd_get%60%2C+%60%60%2C+%60%60%29+or+label_replace%28irate%28kv_ops%7Bop%3D%60get%60%2Cresult%3D%60hit%60%7D%5B1m%5D%29%2C%60name%60%2C%60get_hits%60%2C%60%60%2C%60%60%29+or+label_replace%28sum+by+%28bucket%29+%28irate%28kv_cmd_lookup%5B1m%5D%29+or+irate%28kv_ops%7Bop%3D~%60set%7Cincr%7Cdecr%7Cdelete%7Cdel_meta%7Cget_meta%7Cset_meta%7Cset_ret_meta%7Cdel_ret_meta%60%7D%5B1m%5D%29%29%2C+%60name%60%2C+%60ops%60%2C+%60%60%2C+%60%60%29+or+sum+by+%28bucket%2C+name%29+%28%7Bname%3D~%60index_data_size%7Cindex_disk_size%7Ccouch_spatial_data_size%7Ccouch_spatial_disk_size%7Ccouch_views_data_size%60%7D%29&timeout=5s
Reason: {failed_connect,[{to_address,{"127.0.0.1",9123}},
                         {inet,[inet],econnrefused}]}
[ns_server:error,2024-10-01T14:45:01.268Z,ns_1@cb.local:<0.1096.0>:prometheus:post_async:217]Prometheus http request failed:
URL: http://127.0.0.1:9123/api/v1/query
Body: query=%7Bcategory%3D%60system-processes%60%2Cname%3D~%60sysproc_mem_resident%7Csysproc_mem_size%7Csysproc_cpu_utilization%7Csysproc_major_faults_raw%60%7D&timeout=5s
Reason: {failed_connect,[{to_address,{"127.0.0.1",9123}},
                         {inet,[inet],econnrefused}]}
[ns_server:error,2024-10-01T14:45:01.272Z,ns_1@cb.local:<0.1099.0>:prometheus:post_async:217]Prometheus http request failed:
URL: http://127.0.0.1:9123/api/v1/query
Body: query=%7Bcategory%3D%60system%60%2Cname%3D~%60sys_cpu_utilization_rate%7Csys_cpu_stolen_rate%7Csys_swap_total%7Csys_swap_used%7Csys_mem_total%7Csys_mem_free%7Csys_mem_limit%7Csys_cpu_cores_available%7Csys_allocstall%60%7D&timeout=5s
Reason: {failed_connect,[{to_address,{"127.0.0.1",9123}},
                         {inet,[inet],econnrefused}]}
[ns_server:error,2024-10-01T14:45:09.384Z,ns_1@cb.local:memcached_config_mgr<0.1047.0>:memcached_config_mgr:push_tls_config:240]Failed to push TLS config to memcached: couldnt_connect_to_memcached
[ns_server:error,2024-10-01T14:45:11.257Z,ns_1@cb.local:<0.1448.0>:prometheus:post_async:217]Prometheus http request failed:
URL: http://127.0.0.1:9123/api/v1/query
Body: query=%7Bname%3D~%60kv_curr_items%7Ckv_curr_items_tot%7Ckv_mem_used_bytes%7Ccouch_docs_actual_disk_size%7Ccouch_views_actual_disk_size%7Ckv_ep_db_data_size_bytes%7Ckv_ep_bg_fetched%60%7D+or+kv_vb_curr_items%7Bstate%3D%27replica%27%7D+or+kv_vb_num_non_resident%7Bstate%3D%27active%27%7D+or+label_replace%28sum+by+%28bucket%2C+name%29+%28irate%28kv_ops%7Bop%3D%60get%60%7D%5B1m%5D%29%29%2C+%60name%60%2C%60cmd_get%60%2C+%60%60%2C+%60%60%29+or+label_replace%28irate%28kv_ops%7Bop%3D%60get%60%2Cresult%3D%60hit%60%7D%5B1m%5D%29%2C%60name%60%2C%60get_hits%60%2C%60%60%2C%60%60%29+or+label_replace%28sum+by+%28bucket%29+%28irate%28kv_cmd_lookup%5B1m%5D%29+or+irate%28kv_ops%7Bop%3D~%60set%7Cincr%7Cdecr%7Cdelete%7Cdel_meta%7Cget_meta%7Cset_meta%7Cset_ret_meta%7Cdel_ret_meta%60%7D%5B1m%5D%29%29%2C+%60name%60%2C+%60ops%60%2C+%60%60%2C+%60%60%29+or+sum+by+%28bucket%2C+name%29+%28%7Bname%3D~%60index_data_size%7Cindex_disk_size%7Ccouch_spatial_data_size%7Ccouch_spatial_disk_size%7Ccouch_views_data_size%60%7D%29&timeout=5s
Reason: timeout
[ns_server:error,2024-10-01T14:45:26.137Z,ns_1@cb.local:<0.1958.0>:ns_server_stats:report_prom_stats:177]ns_server stats reporting exception: exit:normal
[{mochiweb_request,send,2,
                   [{file,"/home/couchbase/jenkins/workspace/couchbase-server-unix/couchdb/src/mochiweb/mochiweb_request.erl"},
                    {line,280}]},
 {ns_server_stats,'-report_stat/2-fun-1-',6,
                  [{file,"src/ns_server_stats.erl"},{line,551}]},
 {lists,foldl_1,3,[{file,"lists.erl"},{line,1355}]},
 {ns_server_stats,report_stat,2,[{file,"src/ns_server_stats.erl"},{line,547}]},
 {ns_server_stats,'-report_ns_server_hc_stats/1-fun-0-',3,
                  [{file,"src/ns_server_stats.erl"},{line,405}]},
 {lists,foldl,3,[{file,"lists.erl"},{line,1350}]},
 {ets,do_foldl,4,[{file,"ets.erl"},{line,646}]},
 {ets,foldl,3,[{file,"ets.erl"},{line,635}]}]
[ns_server:error,2024-10-01T14:45:26.137Z,ns_1@cb.local:<0.1958.0>:ns_server_stats:report_prom_stats:177]erlang stats reporting exception: exit:normal
[{mochiweb_request,send,2,
                   [{file,"/home/couchbase/jenkins/workspace/couchbase-server-unix/couchdb/src/mochiweb/mochiweb_request.erl"},
                    {line,280}]},
 {lists,foreach_1,2,[{file,"lists.erl"},{line,1442}]},
 {ns_server_stats,'-report_prom_stats/2-fun-0-',2,
                  [{file,"src/ns_server_stats.erl"},{line,175}]},
 {ns_server_stats,report_prom_stats,2,
                  [{file,"src/ns_server_stats.erl"},{line,185}]},
 {async,'-async_init/4-fun-1-',3,[{file,"src/async.erl"},{line,199}]}]
[ns_server:error,2024-10-01T14:54:44.237Z,ns_1@cb.local:<0.1597.0>:prometheus:post_async:217]Prometheus http request failed:
URL: http://127.0.0.1:9123/api/v1/query
Body: query=%7Bcategory%3D%60system%60%2Cname%3D~%60sys_cpu_utilization_rate%7Csys_cpu_stolen_rate%7Csys_swap_total%7Csys_swap_used%7Csys_mem_total%7Csys_mem_free%7Csys_mem_limit%7Csys_cpu_cores_available%7Csys_allocstall%60%7D&timeout=5s
Reason: timeout
[ns_server:error,2024-10-01T14:55:23.457Z,ns_1@cb.local:<0.20973.0>:ns_server_stats:report_prom_stats:177]ns_server stats reporting exception: exit:normal
[{mochiweb_request,send,2,
                   [{file,"/home/couchbase/jenkins/workspace/couchbase-server-unix/couchdb/src/mochiweb/mochiweb_request.erl"},
                    {line,280}]},
 {lists,foreach_1,2,[{file,"lists.erl"},{line,1442}]},
 {ns_server_stats,'-report_prom_stats/2-fun-0-',2,
                  [{file,"src/ns_server_stats.erl"},{line,175}]},
 {ns_server_stats,report_prom_stats,2,
                  [{file,"src/ns_server_stats.erl"},{line,187}]},
 {async,'-async_init/4-fun-1-',3,[{file,"src/async.erl"},{line,199}]}]
[ns_server:error,2024-10-01T14:55:23.651Z,ns_1@cb.local:<0.20973.0>:ns_server_stats:report_prom_stats:177]audit stats reporting exception: exit:normal
[{mochiweb_request,send,2,
                   [{file,"/home/couchbase/jenkins/workspace/couchbase-server-unix/couchdb/src/mochiweb/mochiweb_request.erl"},
                    {line,280}]},
 {ns_server_stats,report_audit_stats,1,
                  [{file,"src/ns_server_stats.erl"},{line,312}]},
 {ns_server_stats,'-report_prom_stats/2-fun-0-',2,
                  [{file,"src/ns_server_stats.erl"},{line,175}]},
 {ns_server_stats,report_prom_stats,2,
                  [{file,"src/ns_server_stats.erl"},{line,188}]},
 {async,'-async_init/4-fun-1-',3,[{file,"src/async.erl"},{line,199}]}]
[ns_server:error,2024-10-01T14:55:24.725Z,ns_1@cb.local:<0.20973.0>:ns_server_stats:report_prom_stats:177]system stats reporting exception: exit:normal
[{mochiweb_request,send,2,
                   [{file,"/home/couchbase/jenkins/workspace/couchbase-server-unix/couchdb/src/mochiweb/mochiweb_request.erl"},
                    {line,280}]},
 {lists,foreach_1,2,[{file,"lists.erl"},{line,1442}]},
 {ns_server_stats,report_system_stats,1,
                  [{file,"src/ns_server_stats.erl"},{line,248}]},
 {ns_server_stats,'-report_prom_stats/2-fun-0-',2,
                  [{file,"src/ns_server_stats.erl"},{line,175}]},
 {ns_server_stats,report_prom_stats,2,
                  [{file,"src/ns_server_stats.erl"},{line,189}]},
 {async,'-async_init/4-fun-1-',3,[{file,"src/async.erl"},{line,199}]}]
[ns_server:error,2024-10-01T14:55:24.948Z,ns_1@cb.local:<0.20973.0>:ns_server_stats:report_prom_stats:177]cbauth stats reporting exception: exit:normal
[{mochiweb_request,send,2,
                   [{file,"/home/couchbase/jenkins/workspace/couchbase-server-unix/couchdb/src/mochiweb/mochiweb_request.erl"},
                    {line,280}]},
 {lists,foreach_1,2,[{file,"lists.erl"},{line,1442}]},
 {ns_server_stats,'-report_prom_stats/2-fun-0-',2,
                  [{file,"src/ns_server_stats.erl"},{line,175}]},
 {ns_server_stats,report_prom_stats,2,
                  [{file,"src/ns_server_stats.erl"},{line,191}]},
 {async,'-async_init/4-fun-1-',3,[{file,"src/async.erl"},{line,199}]}]
[ns_server:error,2024-10-01T14:55:27.119Z,ns_1@cb.local:prometheus_cfg<0.827.0>:prometheus_cfg:maybe_update_scrape_dynamic_intervals:1100]Failed to calculate scrape intervals because of error: timeout
[{prometheus_cfg,scrapes_info,1,[{file,"src/prometheus_cfg.erl"},{line,1272}]},
 {prometheus_cfg,maybe_update_scrape_dynamic_intervals,1,
                 [{file,"src/prometheus_cfg.erl"},{line,1065}]},
 {prometheus_cfg,handle_info,2,[{file,"src/prometheus_cfg.erl"},{line,542}]},
 {gen_server,try_dispatch,4,[{file,"gen_server.erl"},{line,1123}]},
 {gen_server,handle_msg,6,[{file,"gen_server.erl"},{line,1200}]},
 {proc_lib,init_p_do_apply,3,[{file,"proc_lib.erl"},{line,240}]}]
[ns_server:error,2024-10-01T14:55:30.675Z,ns_1@cb.local:<0.20949.0>:prometheus:post_async:217]Prometheus http request failed:
URL: http://127.0.0.1:9123/api/v1/query
Body: query=scrape_samples_scraped%5B180s%3A1m%5D&timeout=5s
Reason: timeout
[ns_server:error,2024-10-01T14:57:47.196Z,ns_1@cb.local:<0.21198.0>:prometheus:post_async:217]Prometheus http request failed:
URL: http://127.0.0.1:9123/api/v1/query
Body: query=%7Bname%3D~%60kv_curr_items%7Ckv_curr_items_tot%7Ckv_mem_used_bytes%7Ccouch_docs_actual_disk_size%7Ccouch_views_actual_disk_size%7Ckv_ep_db_data_size_bytes%7Ckv_ep_bg_fetched%60%7D+or+kv_vb_curr_items%7Bstate%3D%27replica%27%7D+or+kv_vb_num_non_resident%7Bstate%3D%27active%27%7D+or+label_replace%28sum+by+%28bucket%2C+name%29+%28irate%28kv_ops%7Bop%3D%60get%60%7D%5B1m%5D%29%29%2C+%60name%60%2C%60cmd_get%60%2C+%60%60%2C+%60%60%29+or+label_replace%28irate%28kv_ops%7Bop%3D%60get%60%2Cresult%3D%60hit%60%7D%5B1m%5D%29%2C%60name%60%2C%60get_hits%60%2C%60%60%2C%60%60%29+or+label_replace%28sum+by+%28bucket%29+%28irate%28kv_cmd_lookup%5B1m%5D%29+or+irate%28kv_ops%7Bop%3D~%60set%7Cincr%7Cdecr%7Cdelete%7Cdel_meta%7Cget_meta%7Cset_meta%7Cset_ret_meta%7Cdel_ret_meta%60%7D%5B1m%5D%29%29%2C+%60name%60%2C+%60ops%60%2C+%60%60%2C+%60%60%29+or+sum+by+%28bucket%2C+name%29+%28%7Bname%3D~%60index_data_size%7Cindex_disk_size%7Ccouch_spatial_data_size%7Ccouch_spatial_disk_size%7Ccouch_views_data_size%60%7D%29&timeout=5s
Reason: timeout
[ns_server:error,2024-10-01T14:58:15.761Z,ns_1@cb.local:<0.25692.0>:ns_server_stats:report_prom_stats:177]system stats reporting exception: exit:normal
[{mochiweb_request,send,2,
                   [{file,"/home/couchbase/jenkins/workspace/couchbase-server-unix/couchdb/src/mochiweb/mochiweb_request.erl"},
                    {line,280}]},
 {lists,foreach_1,2,[{file,"lists.erl"},{line,1442}]},
 {ns_server_stats,report_system_stats,1,
                  [{file,"src/ns_server_stats.erl"},{line,248}]},
 {ns_server_stats,'-report_prom_stats/2-fun-0-',2,
                  [{file,"src/ns_server_stats.erl"},{line,175}]},
 {ns_server_stats,report_prom_stats,2,
                  [{file,"src/ns_server_stats.erl"},{line,189}]},
 {async,'-async_init/4-fun-1-',3,[{file,"src/async.erl"},{line,199}]}]
[ns_server:error,2024-10-01T14:58:15.804Z,ns_1@cb.local:<0.25692.0>:ns_server_stats:report_prom_stats:177]cbauth stats reporting exception: exit:normal
[{mochiweb_request,send,2,
                   [{file,"/home/couchbase/jenkins/workspace/couchbase-server-unix/couchdb/src/mochiweb/mochiweb_request.erl"},
                    {line,280}]},
 {lists,foreach_1,2,[{file,"lists.erl"},{line,1442}]},
 {ns_server_stats,'-report_prom_stats/2-fun-0-',2,
                  [{file,"src/ns_server_stats.erl"},{line,175}]},
 {ns_server_stats,report_prom_stats,2,
                  [{file,"src/ns_server_stats.erl"},{line,191}]},
 {async,'-async_init/4-fun-1-',3,[{file,"src/async.erl"},{line,199}]}]
[ns_server:error,2024-10-01T15:09:19.933Z,ns_1@cb.local:<0.3358.1>:prometheus:post_async:217]Prometheus http request failed:
URL: http://127.0.0.1:9123/api/v1/query
Body: query=%7Bcategory%3D%60system%60%2Cname%3D~%60sys_cpu_utilization_rate%7Csys_cpu_stolen_rate%7Csys_swap_total%7Csys_swap_used%7Csys_mem_total%7Csys_mem_free%7Csys_mem_limit%7Csys_cpu_cores_available%7Csys_allocstall%60%7D&timeout=5s
Reason: timeout
