[json_rpc:debug,2024-10-01T14:45:05.476Z,ns_1@cb.local:json_rpc_connection-saslauthd-saslauthd-port<0.1364.0>:json_rpc_connection:start_call:181]sending jsonrpc call:{[{jsonrpc,<<"2.0">>},
                       {id,0},
                       {method,<<"revrpc.UpdateURL">>},
                       {params,[{[{newURL,"<sanitized>"}]}]}]}
[json_rpc:debug,2024-10-01T14:45:05.522Z,ns_1@cb.local:json_rpc_connection-saslauthd-saslauthd-port<0.1364.0>:json_rpc_connection:handle_info:107]got response: [{<<"id">>,0},
               {<<"result">>,{[{<<"isSucc">>,true},{<<"description">>,<<>>}]}},
               {<<"error">>,null}]
[json_rpc:debug,2024-10-01T14:45:21.180Z,ns_1@cb.local:json_rpc_connection-goxdcr-cbauth<0.1889.0>:json_rpc_connection:start_call:181]sending jsonrpc call:{[{jsonrpc,<<"2.0">>},
                       {id,0},
                       {method,<<"revrpc.UpdateURL">>},
                       {params,[{[{newURL,"<sanitized>"}]}]}]}
[json_rpc:debug,2024-10-01T14:45:23.586Z,ns_1@cb.local:json_rpc_connection-goxdcr-cbauth<0.1889.0>:json_rpc_connection:handle_info:107]got response: [{<<"id">>,0},
               {<<"result">>,{[{<<"isSucc">>,true},{<<"description">>,<<>>}]}},
               {<<"error">>,null}]
[json_rpc:debug,2024-10-01T14:45:23.675Z,ns_1@cb.local:json_rpc_connection-goxdcr-cbauth<0.1889.0>:json_rpc_connection:start_call:181]sending jsonrpc call:{[{jsonrpc,<<"2.0">>},
                       {id,1},
                       {method,<<"AuthCacheSvc.UpdateDB">>},
                       {params,
                        [{[{specialUser,<<"@goxdcr">>},
                           {nodes,
                            [{[{host,<<"127.0.0.1">>},
                               {user,<<"@goxdcr">>},
                               {password,"*****"},
                               {ports,
                                [8091,18091,11210,11207,9999,9999,8092,18092]},
                               {local,true}]}]},
                           {tlsConfig,{[{present,false}]}},
                           {cacheConfig,
                            {[{uuidCacheSize,256},
                              {userBktsCacheSize,1024},
                              {upCacheSize,1024},
                              {authCacheSize,256},
                              {clientCertCacheSize,256}]}},
                           {guardrailStatuses,[]},
                           {authCheckURL,<<"http://127.0.0.1:8091/_cbauth">>},
                           {permissionCheckURL,
                            <<"http://127.0.0.1:8091/_cbauth/checkPermission">>},
                           {permissionsVersion,
                            <<"bz9FWbi/YaT3CV29Fcexg/rX2SI=">>},
                           {uuidCheckURL,
                            <<"http://127.0.0.1:8091/_cbauth/getUserUuid">>},
                           {userBucketsURL,
                            <<"http://127.0.0.1:8091/_cbauth/getUserBuckets">>},
                           {userVersion,<<"dgCWT0Ua97ymdlHFPdmxD7LOb6s=">>},
                           {authVersion,<<"Zwc71fhO96XQR1NIXCNRBtIl1uI=">>},
                           {certVersion,829370080},
                           {clientCertVersion,2132426115},
                           {extractUserFromCertURL,
                            <<"http://127.0.0.1:8091/_cbauth/extractUserFromCert">>},
                           {clientCertAuthState,<<"disable">>},
                           {clientCertAuthVersion,
                            <<"cAN8XSFAtQ98DdNbAKta8iJSRpw=">>},
                           {clusterEncryptionConfig,
                            {[{encryptData,false},
                              {disableNonSSLPorts,false}]}},
                           {specialPasswords,"*****"}]}]}]}
[json_rpc:debug,2024-10-01T14:45:23.680Z,ns_1@cb.local:json_rpc_connection-goxdcr-cbauth<0.1889.0>:json_rpc_connection:handle_info:107]got response: [{<<"id">>,1},{<<"result">>,true},{<<"error">>,null}]
[json_rpc:debug,2024-10-01T15:15:05.603Z,ns_1@cb.local:json_rpc_connection-goxdcr-cbauth<0.1889.0>:json_rpc_connection:start_call:181]sending jsonrpc call:{[{jsonrpc,<<"2.0">>},
                       {id,176},
                       {method,<<"AuthCacheSvc.UpdateDB">>},
                       {params,
                        [{[{specialUser,<<"@goxdcr">>},
                           {nodes,
                            [{[{host,<<"127.0.0.1">>},
                               {user,<<"@goxdcr">>},
                               {password,"*****"},
                               {ports,
                                [8091,18091,11210,11207,9999,9999,8092,18092]},
                               {local,true}]}]},
                           {tlsConfig,{[{present,false}]}},
                           {cacheConfig,
                            {[{uuidCacheSize,256},
                              {userBktsCacheSize,1024},
                              {upCacheSize,1024},
                              {authCacheSize,256},
                              {clientCertCacheSize,256}]}},
                           {guardrailStatuses,[]},
                           {authCheckURL,<<"http://127.0.0.1:8091/_cbauth">>},
                           {permissionCheckURL,
                            <<"http://127.0.0.1:8091/_cbauth/checkPermission">>},
                           {permissionsVersion,
                            <<"bz9FWbi/YaT3CV29Fcexg/rX2SI=">>},
                           {uuidCheckURL,
                            <<"http://127.0.0.1:8091/_cbauth/getUserUuid">>},
                           {userBucketsURL,
                            <<"http://127.0.0.1:8091/_cbauth/getUserBuckets">>},
                           {userVersion,<<"dgCWT0Ua97ymdlHFPdmxD7LOb6s=">>},
                           {authVersion,<<"Zwc71fhO96XQR1NIXCNRBtIl1uI=">>},
                           {certVersion,829370080},
                           {clientCertVersion,2132426115},
                           {extractUserFromCertURL,
                            <<"http://127.0.0.1:8091/_cbauth/extractUserFromCert">>},
                           {clientCertAuthState,<<"disable">>},
                           {clientCertAuthVersion,
                            <<"cAN8XSFAtQ98DdNbAKta8iJSRpw=">>},
                           {clusterEncryptionConfig,
                            {[{encryptData,false},
                              {disableNonSSLPorts,false}]}},
                           {specialPasswords,"*****"}]}]}]}
[json_rpc:debug,2024-10-01T15:15:05.772Z,ns_1@cb.local:json_rpc_connection-goxdcr-cbauth<0.1889.0>:json_rpc_connection:handle_info:107]got response: [{<<"id">>,176},{<<"result">>,true},{<<"error">>,null}]
[json_rpc:debug,2024-10-01T15:15:06.688Z,ns_1@cb.local:json_rpc_connection-goxdcr-cbauth<0.1889.0>:json_rpc_connection:start_call:181]sending jsonrpc call:{[{jsonrpc,<<"2.0">>},
                       {id,177},
                       {method,<<"revrpc.UpdateURL">>},
                       {params,[{[{newURL,"<sanitized>"}]}]}]}
[json_rpc:debug,2024-10-01T15:15:06.695Z,ns_1@cb.local:json_rpc_connection-saslauthd-saslauthd-port<0.1364.0>:json_rpc_connection:start_call:181]sending jsonrpc call:{[{jsonrpc,<<"2.0">>},
                       {id,1},
                       {method,<<"revrpc.UpdateURL">>},
                       {params,[{[{newURL,"<sanitized>"}]}]}]}
[json_rpc:debug,2024-10-01T15:15:06.692Z,ns_1@cb.local:json_rpc_connection-goxdcr-cbauth<0.1889.0>:json_rpc_connection:start_call:181]sending jsonrpc call:{[{jsonrpc,<<"2.0">>},
                       {id,178},
                       {method,<<"AuthCacheSvc.UpdateDB">>},
                       {params,
                        [{[{specialUser,<<"@goxdcr">>},
                           {nodes,
                            [{[{host,<<"127.0.0.1">>},
                               {user,<<"@goxdcr">>},
                               {password,"*****"},
                               {ports,
                                [8091,18091,11210,11207,9999,9999,8092,18092]},
                               {local,true}]}]},
                           {tlsConfig,{[{present,false}]}},
                           {cacheConfig,
                            {[{uuidCacheSize,256},
                              {userBktsCacheSize,1024},
                              {upCacheSize,1024},
                              {authCacheSize,256},
                              {clientCertCacheSize,256}]}},
                           {guardrailStatuses,[]},
                           {authCheckURL,<<"http://127.0.0.1:8091/_cbauth">>},
                           {permissionCheckURL,
                            <<"http://127.0.0.1:8091/_cbauth/checkPermission">>},
                           {permissionsVersion,
                            <<"bz9FWbi/YaT3CV29Fcexg/rX2SI=">>},
                           {uuidCheckURL,
                            <<"http://127.0.0.1:8091/_cbauth/getUserUuid">>},
                           {userBucketsURL,
                            <<"http://127.0.0.1:8091/_cbauth/getUserBuckets">>},
                           {userVersion,<<"dgCWT0Ua97ymdlHFPdmxD7LOb6s=">>},
                           {authVersion,<<"Zwc71fhO96XQR1NIXCNRBtIl1uI=">>},
                           {certVersion,829370080},
                           {clientCertVersion,2132426115},
                           {extractUserFromCertURL,
                            <<"http://127.0.0.1:8091/_cbauth/extractUserFromCert">>},
                           {clientCertAuthState,<<"disable">>},
                           {clientCertAuthVersion,
                            <<"cAN8XSFAtQ98DdNbAKta8iJSRpw=">>},
                           {clusterEncryptionConfig,
                            {[{encryptData,false},
                              {disableNonSSLPorts,false}]}},
                           {specialPasswords,"*****"}]}]}]}
[json_rpc:debug,2024-10-01T15:15:06.717Z,ns_1@cb.local:json_rpc_connection-goxdcr-cbauth<0.1889.0>:json_rpc_connection:handle_info:107]got response: [{<<"id">>,178},{<<"result">>,true},{<<"error">>,null}]
[json_rpc:debug,2024-10-01T15:15:06.780Z,ns_1@cb.local:json_rpc_connection-goxdcr-cbauth<0.1889.0>:json_rpc_connection:handle_info:107]got response: [{<<"id">>,177},
               {<<"result">>,{[{<<"isSucc">>,true},{<<"description">>,<<>>}]}},
               {<<"error">>,null}]
[json_rpc:debug,2024-10-01T15:15:07.054Z,ns_1@cb.local:json_rpc_connection-saslauthd-saslauthd-port<0.1364.0>:json_rpc_connection:handle_info:107]got response: [{<<"id">>,1},
               {<<"result">>,{[{<<"isSucc">>,true},{<<"description">>,<<>>}]}},
               {<<"error">>,null}]
[json_rpc:debug,2024-10-01T15:45:06.979Z,ns_1@cb.local:json_rpc_connection-goxdcr-cbauth<0.1889.0>:json_rpc_connection:start_call:181]sending jsonrpc call:{[{jsonrpc,<<"2.0">>},
                       {id,359},
                       {method,<<"AuthCacheSvc.UpdateDB">>},
                       {params,
                        [{[{specialUser,<<"@goxdcr">>},
                           {nodes,
                            [{[{host,<<"127.0.0.1">>},
                               {user,<<"@goxdcr">>},
                               {password,"*****"},
                               {ports,
                                [8091,18091,11210,11207,9999,9999,8092,18092]},
                               {local,true}]}]},
                           {tlsConfig,{[{present,false}]}},
                           {cacheConfig,
                            {[{uuidCacheSize,256},
                              {userBktsCacheSize,1024},
                              {upCacheSize,1024},
                              {authCacheSize,256},
                              {clientCertCacheSize,256}]}},
                           {guardrailStatuses,[]},
                           {authCheckURL,<<"http://127.0.0.1:8091/_cbauth">>},
                           {permissionCheckURL,
                            <<"http://127.0.0.1:8091/_cbauth/checkPermission">>},
                           {permissionsVersion,
                            <<"bz9FWbi/YaT3CV29Fcexg/rX2SI=">>},
                           {uuidCheckURL,
                            <<"http://127.0.0.1:8091/_cbauth/getUserUuid">>},
                           {userBucketsURL,
                            <<"http://127.0.0.1:8091/_cbauth/getUserBuckets">>},
                           {userVersion,<<"dgCWT0Ua97ymdlHFPdmxD7LOb6s=">>},
                           {authVersion,<<"Zwc71fhO96XQR1NIXCNRBtIl1uI=">>},
                           {certVersion,829370080},
                           {clientCertVersion,2132426115},
                           {extractUserFromCertURL,
                            <<"http://127.0.0.1:8091/_cbauth/extractUserFromCert">>},
                           {clientCertAuthState,<<"disable">>},
                           {clientCertAuthVersion,
                            <<"cAN8XSFAtQ98DdNbAKta8iJSRpw=">>},
                           {clusterEncryptionConfig,
                            {[{encryptData,false},
                              {disableNonSSLPorts,false}]}},
                           {specialPasswords,"*****"}]}]}]}
[json_rpc:debug,2024-10-01T15:45:06.990Z,ns_1@cb.local:json_rpc_connection-goxdcr-cbauth<0.1889.0>:json_rpc_connection:handle_info:107]got response: [{<<"id">>,359},{<<"result">>,true},{<<"error">>,null}]
[json_rpc:debug,2024-10-01T15:45:07.191Z,ns_1@cb.local:json_rpc_connection-saslauthd-saslauthd-port<0.1364.0>:json_rpc_connection:start_call:181]sending jsonrpc call:{[{jsonrpc,<<"2.0">>},
                       {id,2},
                       {method,<<"revrpc.UpdateURL">>},
                       {params,[{[{newURL,"<sanitized>"}]}]}]}
[json_rpc:debug,2024-10-01T15:45:07.191Z,ns_1@cb.local:json_rpc_connection-goxdcr-cbauth<0.1889.0>:json_rpc_connection:start_call:181]sending jsonrpc call:{[{jsonrpc,<<"2.0">>},
                       {id,360},
                       {method,<<"revrpc.UpdateURL">>},
                       {params,[{[{newURL,"<sanitized>"}]}]}]}
[json_rpc:debug,2024-10-01T15:45:07.196Z,ns_1@cb.local:json_rpc_connection-goxdcr-cbauth<0.1889.0>:json_rpc_connection:start_call:181]sending jsonrpc call:{[{jsonrpc,<<"2.0">>},
                       {id,361},
                       {method,<<"AuthCacheSvc.UpdateDB">>},
                       {params,
                        [{[{specialUser,<<"@goxdcr">>},
                           {nodes,
                            [{[{host,<<"127.0.0.1">>},
                               {user,<<"@goxdcr">>},
                               {password,"*****"},
                               {ports,
                                [8091,18091,11210,11207,9999,9999,8092,18092]},
                               {local,true}]}]},
                           {tlsConfig,{[{present,false}]}},
                           {cacheConfig,
                            {[{uuidCacheSize,256},
                              {userBktsCacheSize,1024},
                              {upCacheSize,1024},
                              {authCacheSize,256},
                              {clientCertCacheSize,256}]}},
                           {guardrailStatuses,[]},
                           {authCheckURL,<<"http://127.0.0.1:8091/_cbauth">>},
                           {permissionCheckURL,
                            <<"http://127.0.0.1:8091/_cbauth/checkPermission">>},
                           {permissionsVersion,
                            <<"bz9FWbi/YaT3CV29Fcexg/rX2SI=">>},
                           {uuidCheckURL,
                            <<"http://127.0.0.1:8091/_cbauth/getUserUuid">>},
                           {userBucketsURL,
                            <<"http://127.0.0.1:8091/_cbauth/getUserBuckets">>},
                           {userVersion,<<"dgCWT0Ua97ymdlHFPdmxD7LOb6s=">>},
                           {authVersion,<<"Zwc71fhO96XQR1NIXCNRBtIl1uI=">>},
                           {certVersion,829370080},
                           {clientCertVersion,2132426115},
                           {extractUserFromCertURL,
                            <<"http://127.0.0.1:8091/_cbauth/extractUserFromCert">>},
                           {clientCertAuthState,<<"disable">>},
                           {clientCertAuthVersion,
                            <<"cAN8XSFAtQ98DdNbAKta8iJSRpw=">>},
                           {clusterEncryptionConfig,
                            {[{encryptData,false},
                              {disableNonSSLPorts,false}]}},
                           {specialPasswords,"*****"}]}]}]}
[json_rpc:debug,2024-10-01T15:45:07.198Z,ns_1@cb.local:json_rpc_connection-goxdcr-cbauth<0.1889.0>:json_rpc_connection:handle_info:107]got response: [{<<"id">>,361},{<<"result">>,true},{<<"error">>,null}]
[json_rpc:debug,2024-10-01T15:45:07.212Z,ns_1@cb.local:json_rpc_connection-goxdcr-cbauth<0.1889.0>:json_rpc_connection:handle_info:107]got response: [{<<"id">>,360},
               {<<"result">>,{[{<<"isSucc">>,true},{<<"description">>,<<>>}]}},
               {<<"error">>,null}]
[json_rpc:debug,2024-10-01T15:45:07.374Z,ns_1@cb.local:json_rpc_connection-saslauthd-saslauthd-port<0.1364.0>:json_rpc_connection:handle_info:107]got response: [{<<"id">>,2},
               {<<"result">>,{[{<<"isSucc">>,true},{<<"description">>,<<>>}]}},
               {<<"error">>,null}]
[json_rpc:debug,2024-10-01T16:15:07.286Z,ns_1@cb.local:json_rpc_connection-goxdcr-cbauth<0.1889.0>:json_rpc_connection:start_call:181]sending jsonrpc call:{[{jsonrpc,<<"2.0">>},
                       {id,542},
                       {method,<<"AuthCacheSvc.UpdateDB">>},
                       {params,
                        [{[{specialUser,<<"@goxdcr">>},
                           {nodes,
                            [{[{host,<<"127.0.0.1">>},
                               {user,<<"@goxdcr">>},
                               {password,"*****"},
                               {ports,
                                [8091,18091,11210,11207,9999,9999,8092,18092]},
                               {local,true}]}]},
                           {tlsConfig,{[{present,false}]}},
                           {cacheConfig,
                            {[{uuidCacheSize,256},
                              {userBktsCacheSize,1024},
                              {upCacheSize,1024},
                              {authCacheSize,256},
                              {clientCertCacheSize,256}]}},
                           {guardrailStatuses,[]},
                           {authCheckURL,<<"http://127.0.0.1:8091/_cbauth">>},
                           {permissionCheckURL,
                            <<"http://127.0.0.1:8091/_cbauth/checkPermission">>},
                           {permissionsVersion,
                            <<"bz9FWbi/YaT3CV29Fcexg/rX2SI=">>},
                           {uuidCheckURL,
                            <<"http://127.0.0.1:8091/_cbauth/getUserUuid">>},
                           {userBucketsURL,
                            <<"http://127.0.0.1:8091/_cbauth/getUserBuckets">>},
                           {userVersion,<<"dgCWT0Ua97ymdlHFPdmxD7LOb6s=">>},
                           {authVersion,<<"Zwc71fhO96XQR1NIXCNRBtIl1uI=">>},
                           {certVersion,829370080},
                           {clientCertVersion,2132426115},
                           {extractUserFromCertURL,
                            <<"http://127.0.0.1:8091/_cbauth/extractUserFromCert">>},
                           {clientCertAuthState,<<"disable">>},
                           {clientCertAuthVersion,
                            <<"cAN8XSFAtQ98DdNbAKta8iJSRpw=">>},
                           {clusterEncryptionConfig,
                            {[{encryptData,false},
                              {disableNonSSLPorts,false}]}},
                           {specialPasswords,"*****"}]}]}]}
[json_rpc:debug,2024-10-01T16:15:07.310Z,ns_1@cb.local:json_rpc_connection-goxdcr-cbauth<0.1889.0>:json_rpc_connection:handle_info:107]got response: [{<<"id">>,542},{<<"result">>,true},{<<"error">>,null}]
[json_rpc:debug,2024-10-01T16:15:07.554Z,ns_1@cb.local:json_rpc_connection-saslauthd-saslauthd-port<0.1364.0>:json_rpc_connection:start_call:181]sending jsonrpc call:{[{jsonrpc,<<"2.0">>},
                       {id,3},
                       {method,<<"revrpc.UpdateURL">>},
                       {params,[{[{newURL,"<sanitized>"}]}]}]}
[json_rpc:debug,2024-10-01T16:15:07.554Z,ns_1@cb.local:json_rpc_connection-goxdcr-cbauth<0.1889.0>:json_rpc_connection:start_call:181]sending jsonrpc call:{[{jsonrpc,<<"2.0">>},
                       {id,543},
                       {method,<<"revrpc.UpdateURL">>},
                       {params,[{[{newURL,"<sanitized>"}]}]}]}
[json_rpc:debug,2024-10-01T16:15:07.559Z,ns_1@cb.local:json_rpc_connection-goxdcr-cbauth<0.1889.0>:json_rpc_connection:start_call:181]sending jsonrpc call:{[{jsonrpc,<<"2.0">>},
                       {id,544},
                       {method,<<"AuthCacheSvc.UpdateDB">>},
                       {params,
                        [{[{specialUser,<<"@goxdcr">>},
                           {nodes,
                            [{[{host,<<"127.0.0.1">>},
                               {user,<<"@goxdcr">>},
                               {password,"*****"},
                               {ports,
                                [8091,18091,11210,11207,9999,9999,8092,18092]},
                               {local,true}]}]},
                           {tlsConfig,{[{present,false}]}},
                           {cacheConfig,
                            {[{uuidCacheSize,256},
                              {userBktsCacheSize,1024},
                              {upCacheSize,1024},
                              {authCacheSize,256},
                              {clientCertCacheSize,256}]}},
                           {guardrailStatuses,[]},
                           {authCheckURL,<<"http://127.0.0.1:8091/_cbauth">>},
                           {permissionCheckURL,
                            <<"http://127.0.0.1:8091/_cbauth/checkPermission">>},
                           {permissionsVersion,
                            <<"bz9FWbi/YaT3CV29Fcexg/rX2SI=">>},
                           {uuidCheckURL,
                            <<"http://127.0.0.1:8091/_cbauth/getUserUuid">>},
                           {userBucketsURL,
                            <<"http://127.0.0.1:8091/_cbauth/getUserBuckets">>},
                           {userVersion,<<"dgCWT0Ua97ymdlHFPdmxD7LOb6s=">>},
                           {authVersion,<<"Zwc71fhO96XQR1NIXCNRBtIl1uI=">>},
                           {certVersion,829370080},
                           {clientCertVersion,2132426115},
                           {extractUserFromCertURL,
                            <<"http://127.0.0.1:8091/_cbauth/extractUserFromCert">>},
                           {clientCertAuthState,<<"disable">>},
                           {clientCertAuthVersion,
                            <<"cAN8XSFAtQ98DdNbAKta8iJSRpw=">>},
                           {clusterEncryptionConfig,
                            {[{encryptData,false},
                              {disableNonSSLPorts,false}]}},
                           {specialPasswords,"*****"}]}]}]}
[json_rpc:debug,2024-10-01T16:15:07.561Z,ns_1@cb.local:json_rpc_connection-goxdcr-cbauth<0.1889.0>:json_rpc_connection:handle_info:107]got response: [{<<"id">>,544},{<<"result">>,true},{<<"error">>,null}]
[json_rpc:debug,2024-10-01T16:15:07.581Z,ns_1@cb.local:json_rpc_connection-goxdcr-cbauth<0.1889.0>:json_rpc_connection:handle_info:107]got response: [{<<"id">>,543},
               {<<"result">>,{[{<<"isSucc">>,true},{<<"description">>,<<>>}]}},
               {<<"error">>,null}]
[json_rpc:debug,2024-10-01T16:15:07.698Z,ns_1@cb.local:json_rpc_connection-saslauthd-saslauthd-port<0.1364.0>:json_rpc_connection:handle_info:107]got response: [{<<"id">>,3},
               {<<"result">>,{[{<<"isSucc">>,true},{<<"description">>,<<>>}]}},
               {<<"error">>,null}]
